{
  "0 debug pnpm:scope": {
    "selected": 1
  },
  "1 error pnpm": {
    "code": "ELIFECYCLE",
    "errno": "ENOENT",
    "syscall": "spawn",
    "file": "sh",
    "pkgid": "vue-element-plus-admin@1.4.3",
    "stage": "dev",
    "script": "vite --mode base",
    "pkgname": "vue-element-plus-admin",
    "err": {
      "name": "pnpm",
      "message": "vue-element-plus-admin@1.4.3 dev: `vite --mode base`\nspawn ENOENT",
      "code": "ELIFECYCLE",
      "stack": "pnpm: vue-element-plus-admin@1.4.3 dev: `vite --mode base`\nspawn ENOENT\n    at ChildProcess.<anonymous> (/Users/mac/pnpm-global/5/node_modules/.pnpm/registry.npmmirror.com+pnpm@6.28.0/node_modules/pnpm/dist/pnpm.cjs:91976:22)\n    at ChildProcess.emit (node:events:390:28)\n    at maybeClose (node:internal/child_process:1064:16)\n    at Process.ChildProcess._handle.onexit (node:internal/child_process:301:5)"
    }
  },
  "2 warn pnpm:global": " Local package.json exists, but node_modules missing, did you mean to install?"
}